G:\USERS\ESFIKAS\DESKTOP\AUTOMATINGLYNC2010\JIGGLER\WIN32\DEBUG\CCAPP.EXE
G:\USERS\ESFIKAS\DESKTOP\AUTOMATINGLYNC2010\JIGGLER\WIN32\DEBUG\CCAPP.EXE.EMBED.MANIFEST
G:\USERS\ESFIKAS\DESKTOP\AUTOMATINGLYNC2010\JIGGLER\WIN32\DEBUG\CCAPP.EXE.INTERMEDIATE.MANIFEST
G:\Users\esfikas\Desktop\automatinglync2010\jiggler\Win32\Debug\ccApp.exp
G:\Users\esfikas\Desktop\automatinglync2010\jiggler\Win32\Debug\ccApp.lib
G:\USERS\ESFIKAS\DESKTOP\AUTOMATINGLYNC2010\JIGGLER\WIN32\DEBUG\CCAPP.PDB
G:\Users\esfikas\Desktop\automatinglync2010\jiggler\Win32\Debug\cl.command.1.tlog
G:\Users\esfikas\Desktop\automatinglync2010\jiggler\Win32\Debug\CL.read.1.tlog
G:\Users\esfikas\Desktop\automatinglync2010\jiggler\Win32\Debug\CL.write.1.tlog
G:\USERS\ESFIKAS\DESKTOP\AUTOMATINGLYNC2010\JIGGLER\WIN32\DEBUG\JIGGLE.OBJ
G:\USERS\ESFIKAS\DESKTOP\AUTOMATINGLYNC2010\JIGGLER\WIN32\DEBUG\JIGGLER.RES
G:\Users\esfikas\Desktop\automatinglync2010\jiggler\Win32\Debug\jiggler.write.1.tlog
G:\Users\esfikas\Desktop\automatinglync2010\jiggler\Win32\Debug\link.command.1.tlog
G:\Users\esfikas\Desktop\automatinglync2010\jiggler\Win32\Debug\link.read.1.tlog
G:\Users\esfikas\Desktop\automatinglync2010\jiggler\Win32\Debug\link.write.1.tlog
G:\Users\esfikas\Desktop\automatinglync2010\jiggler\Win32\Debug\link-cvtres.read.1.tlog
G:\Users\esfikas\Desktop\automatinglync2010\jiggler\Win32\Debug\link-cvtres.write.1.tlog
G:\Users\esfikas\Desktop\automatinglync2010\jiggler\Win32\Debug\mt.command.1.tlog
G:\Users\esfikas\Desktop\automatinglync2010\jiggler\Win32\Debug\mt.read.1.tlog
G:\Users\esfikas\Desktop\automatinglync2010\jiggler\Win32\Debug\mt.write.1.tlog
G:\Users\esfikas\Desktop\automatinglync2010\jiggler\Win32\Debug\rc.command.1.tlog
G:\Users\esfikas\Desktop\automatinglync2010\jiggler\Win32\Debug\rc.read.1.tlog
G:\Users\esfikas\Desktop\automatinglync2010\jiggler\Win32\Debug\rc.write.1.tlog
G:\USERS\ESFIKAS\DESKTOP\AUTOMATINGLYNC2010\JIGGLER\WIN32\DEBUG\RUNNER.OBJ
G:\Users\esfikas\Desktop\automatinglync2010\jiggler\Win32\Debug\vc100.idb
G:\USERS\ESFIKAS\DESKTOP\AUTOMATINGLYNC2010\JIGGLER\WIN32\DEBUG\VC100.PDB
