G:\USERS\ESFIKAS\DESKTOP\AUTOMATINGLYNC2010\JIGGLER\WIN32\DEBUG\JIGGLE.OBJ
G:\USERS\ESFIKAS\DESKTOP\AUTOMATINGLYNC2010\JIGGLER\WIN32\DEBUG\RUNNER.OBJ
G:\USERS\ESFIKAS\DESKTOP\AUTOMATINGLYNC2010\JIGGLER\WIN32\DEBUG\VC100.PDB
C:\USERS\VADERAS\DESKTOP\AUTOMATINGLYNC2010\JIGGLER\WIN32\DEBUG\JIGGLE.OBJ
C:\USERS\VADERAS\DESKTOP\AUTOMATINGLYNC2010\JIGGLER\WIN32\DEBUG\VC110.PDB
G:\Users\esfikas\Desktop\automatinglync2010\jiggler\Win32\Debug\ccApp.lib
G:\Users\esfikas\Desktop\automatinglync2010\jiggler\Win32\Debug\ccApp.exp
G:\USERS\ESFIKAS\DESKTOP\AUTOMATINGLYNC2010\JIGGLER\WIN32\DEBUG\CCAPP.EXE
G:\USERS\ESFIKAS\DESKTOP\AUTOMATINGLYNC2010\JIGGLER\WIN32\DEBUG\CCAPP.EXE.INTERMEDIATE.MANIFEST
G:\USERS\ESFIKAS\DESKTOP\AUTOMATINGLYNC2010\JIGGLER\WIN32\DEBUG\CCAPP.PDB
G:\USERS\ESFIKAS\DESKTOP\AUTOMATINGLYNC2010\JIGGLER\WIN32\DEBUG\CCAPP.EXE.EMBED.MANIFEST
G:\USERS\ESFIKAS\DESKTOP\AUTOMATINGLYNC2010\JIGGLER\WIN32\DEBUG\JIGGLER.RES
C:\Users\vaderas\Desktop\automatinglync2010\jiggler\Win32\Debug\jiggle.obj
C:\Users\vaderas\Desktop\automatinglync2010\jiggler\Win32\Debug\runner.obj
C:\Users\vaderas\Desktop\automatinglync2010\jiggler\Win32\Debug\cl.command.1.tlog
C:\Users\vaderas\Desktop\automatinglync2010\jiggler\Win32\Debug\CL.read.1.tlog
C:\Users\vaderas\Desktop\automatinglync2010\jiggler\Win32\Debug\CL.write.1.tlog
C:\Users\vaderas\Desktop\automatinglync2010\jiggler\Win32\Debug\jiggler.write.1.tlog
C:\Users\vaderas\Desktop\automatinglync2010\jiggler\Win32\Debug\link-cvtres.read.1.tlog
C:\Users\vaderas\Desktop\automatinglync2010\jiggler\Win32\Debug\link-cvtres.write.1.tlog
C:\Users\vaderas\Desktop\automatinglync2010\jiggler\Win32\Debug\link-rc.read.1.tlog
C:\Users\vaderas\Desktop\automatinglync2010\jiggler\Win32\Debug\link-rc.write.1.tlog
C:\Users\vaderas\Desktop\automatinglync2010\jiggler\Win32\Debug\link.command.1.tlog
C:\Users\vaderas\Desktop\automatinglync2010\jiggler\Win32\Debug\link.read.1.tlog
C:\Users\vaderas\Desktop\automatinglync2010\jiggler\Win32\Debug\link.write.1.tlog
C:\Users\vaderas\Desktop\automatinglync2010\jiggler\Win32\Debug\mt.command.1.tlog
C:\Users\vaderas\Desktop\automatinglync2010\jiggler\Win32\Debug\mt.read.1.tlog
C:\Users\vaderas\Desktop\automatinglync2010\jiggler\Win32\Debug\mt.write.1.tlog
C:\Users\vaderas\Desktop\automatinglync2010\jiggler\Win32\Debug\rc.command.1.tlog
C:\Users\vaderas\Desktop\automatinglync2010\jiggler\Win32\Debug\rc.read.1.tlog
C:\Users\vaderas\Desktop\automatinglync2010\jiggler\Win32\Debug\rc.write.1.tlog
C:\Users\vaderas\Desktop\automatinglync2010\jiggler\Win32\Debug\ccApp.exe.embed.manifest
C:\Users\vaderas\Desktop\automatinglync2010\jiggler\Win32\Debug\ccApp.exe.intermediate.manifest
C:\Users\vaderas\Desktop\automatinglync2010\jiggler\Win32\Debug\jiggler.res
C:\Users\vaderas\Desktop\automatinglync2010\jiggler\Win32\Debug\ccApp.exp
C:\Users\vaderas\Desktop\automatinglync2010\jiggler\Win32\Debug\jiggler.exp
C:\Users\vaderas\Desktop\automatinglync2010\jiggler\Win32\Debug\vc100.idb
C:\Users\vaderas\Desktop\automatinglync2010\jiggler\Win32\Debug\vc110.idb
C:\Users\vaderas\Desktop\automatinglync2010\jiggler\Win32\Debug\ccApp.pdb
C:\Users\vaderas\Desktop\automatinglync2010\jiggler\Win32\Debug\jiggler.pdb
C:\Users\vaderas\Desktop\automatinglync2010\jiggler\Win32\Debug\vc100.pdb
C:\Users\vaderas\Desktop\automatinglync2010\jiggler\Win32\Debug\vc110.pdb
