Build started 8/11/2012 4:53:50 μμ.
     1>Project "G:\Users\esfikas\Desktop\automatinglync2010\jiggler\jiggler.vcxproj" on node 2 (Build target(s)).
         C:\Program Files\Microsoft Visual Studio 10.0\VC\bin\CL.exe /c /Zi /nologo /W3 /WX- /O2 /Oi /Oy- /GL /D _CONSOLE /D SERVICE /D LOADER_EXPORTS /D WIN32 /D _UNICODE /D UNICODE /Gm- /EHsc /MD /GS /Gy /fp:precise /Zc:wchar_t /Zc:forScope /Fo"Win32\Release\\" /Fd"Win32\Release\vc100.pdb" /Gd /TP /analyze- /errorReport:prompt jiggle.cpp
         jiggle.cpp
     1>g:\users\esfikas\desktop\automatinglync2010\jiggler\loader.h(29): warning C4005: 'Output' : macro redefinition
                 g:\users\esfikas\desktop\automatinglync2010\jiggler\loader.h(28) : see previous definition of 'Output'
     1>g:\users\esfikas\desktop\automatinglync2010\jiggler\stdafx.h(22): warning C4067: unexpected tokens following preprocessor directive - expected a newline
     1>g:\users\esfikas\desktop\automatinglync2010\jiggler\loader.h(28): warning C4005: 'Output' : macro redefinition
                 g:\users\esfikas\desktop\automatinglync2010\jiggler\loader.h(29) : see previous definition of 'Output'
     1>g:\users\esfikas\desktop\automatinglync2010\jiggler\loader.h(29): warning C4005: 'Output' : macro redefinition
                 g:\users\esfikas\desktop\automatinglync2010\jiggler\loader.h(28) : see previous definition of 'Output'
     1>jiggle.cpp(59): warning C4002: too many actual parameters for macro 'Output'
     1>jiggle.cpp(74): warning C4002: too many actual parameters for macro 'Output'
     1>jiggle.cpp(80): warning C4018: '>' : signed/unsigned mismatch
     1>jiggle.cpp(85): warning C4002: too many actual parameters for macro 'Output'
     1>jiggle.cpp(91): warning C4002: too many actual parameters for macro 'Output'
     1>jiggle.cpp(101): warning C4996: '_sleep': This function or variable has been superceded by newer library or operating system functionality. Consider using Sleep instead. See online help for details.
                 C:\Program Files\Microsoft Visual Studio 10.0\VC\include\stdlib.h(843) : see declaration of '_sleep'
     1>jiggle.cpp(118): warning C4002: too many actual parameters for macro 'Output'
     1>jiggle.cpp(147): warning C4002: too many actual parameters for macro 'Output'
     1>jiggle.cpp(151): warning C4002: too many actual parameters for macro 'Output'
     1>jiggle.cpp(165): warning C4002: too many actual parameters for macro 'Output'
     1>jiggle.cpp(169): warning C4002: too many actual parameters for macro 'Output'
     1>jiggle.cpp(174): warning C4002: too many actual parameters for macro 'Output'
         C:\Program Files\Microsoft Visual Studio 10.0\VC\bin\link.exe /ERRORREPORT:PROMPT /OUT:"G:\Users\esfikas\Desktop\automatinglync2010\jiggler\Win32\Release\ccApp.exe" /INCREMENTAL:NO /NOLOGO kernel32.lib user32.lib gdi32.lib winspool.lib comdlg32.lib advapi32.lib shell32.lib ole32.lib oleaut32.lib uuid.lib odbc32.lib odbccp32.lib /MANIFEST /ManifestFile:"Win32\Release\ccApp.exe.intermediate.manifest" /MANIFESTUAC:"level='asInvoker' uiAccess='false'" /DEBUG /PDB:"G:\Users\esfikas\Desktop\automatinglync2010\jiggler\Win32\Release\ccApp.pdb" /OPT:REF /OPT:ICF /LTCG /TLBID:1 /DYNAMICBASE /NXCOMPAT /IMPLIB:"G:\Users\esfikas\Desktop\automatinglync2010\jiggler\Win32\Release\ccApp.lib" /MACHINE:X86 Win32\Release\jiggler.res
         Win32\Release\jiggle.obj
         Win32\Release\runner.obj
            Creating library G:\Users\esfikas\Desktop\automatinglync2010\jiggler\Win32\Release\ccApp.lib and object G:\Users\esfikas\Desktop\automatinglync2010\jiggler\Win32\Release\ccApp.exp
         Generating code
         Finished generating code
         jiggler.vcxproj -> G:\Users\esfikas\Desktop\automatinglync2010\jiggler\Win32\Release\ccApp.exe
         C:\Program Files\Microsoft SDKs\Windows\v7.0A\bin\mt.exe /nologo /verbose /out:"Win32\Release\ccApp.exe.embed.manifest" /outputresource:"G:\Users\esfikas\Desktop\automatinglync2010\jiggler\Win32\Release\ccApp.exe;#1" /manifest Win32\Release\ccApp.exe.intermediate.manifest
     1>Done Building Project "G:\Users\esfikas\Desktop\automatinglync2010\jiggler\jiggler.vcxproj" (Build target(s)).

Build succeeded.

Time Elapsed 00:00:01.32
